#
# A fatal error has been detected by the Java Runtime Environment:
#
#  EXCEPTION_ACCESS_VIOLATION (0xc0000005) at pc=0x0000000062548233, pid=5612, tid=5884
#
# JRE version: Java(TM) SE Runtime Environment (8.0_40-b26) (build 1.8.0_40-b26)
# Java VM: Java HotSpot(TM) 64-Bit Server VM (25.40-b25 mixed mode windows-amd64 compressed oops)
# Problematic frame:
# V  [jvm.dll+0x128233]
#
# Failed to write core dump. Minidumps are not enabled by default on client versions of Windows
#
# If you would like to submit a bug report, please visit:
#   http://bugreport.java.com/bugreport/crash.jsp
#

---------------  T H R E A D  ---------------

Current thread (0x0000000054c0c800):  JavaThread "JDWP Transport Listener: dt_socket" daemon [_thread_in_vm, id=5884, stack(0x0000000056c90000,0x0000000056d90000)]

siginfo: ExceptionCode=0xc0000005, reading address 0xffffffffffffffff

Registers:
RAX=0x0000000056d8f401, RBX=0xb63e00b62a29018e, RCX=0x0000000057ad2850, RDX=0x0000000000000000
RSP=0x0000000056d8f480, RBP=0x0000000057ad2850, RSI=0x0000000056d8f598, RDI=0x0000000001eaa480
R8 =0x0000000054c0c800, R9 =0x000000000000ff00, R10=0x6a4c3c7465532f6c, R11=0x000607d5007f0019
R12=0x0000000000000000, R13=0x000000005603cd08, R14=0x0000000000000000, R15=0x0000000000000000
RIP=0x0000000062548233, EFLAGS=0x0000000000010282

Top of Stack: (sp=0x0000000056d8f480)
0x0000000056d8f480:   0000000054c0c800 0000000054c0c800
0x0000000056d8f490:   0000000056d8f548 000000006274c6db
0x0000000056d8f4a0:   0000000054c0c800 0000000062768f3d
0x0000000056d8f4b0:   0000000000000039 00000000623c9155
0x0000000056d8f4c0:   0000000057c8fed0 00000000623d291e
0x0000000056d8f4d0:   0000000054c0c800 0000000000000000
0x0000000056d8f4e0:   0000000000000000 0000000000000000
0x0000000056d8f4f0:   0000000057ad2850 00000000623d1a15
0x0000000056d8f500:   0000000056d8f598 0000000056d8f570
0x0000000056d8f510:   0000000000000001 0000000057c8fed0
0x0000000056d8f520:   0000000057ad2850 00000000623b53b3
0x0000000056d8f530:   0000000056d8f660 0000000000000001
0x0000000056d8f540:   0000000000000001 0000000057c8fed0
0x0000000056d8f550:   0000000000000009 0000000000000000
0x0000000056d8f560:   0000000000000000 0000000000000000
0x0000000056d8f570:   0000000000000001 00000000623b5571 

Instructions: (pc=0x0000000062548233)
0x0000000062548213:   28 48 85 c9 75 07 33 c0 48 83 c4 28 c3 48 89 5c
0x0000000062548223:   24 20 48 8b 19 48 85 db 74 20 48 83 fb 37 74 1a
0x0000000062548233:   48 8b 13 48 8b cb ff 52 10 84 c0 74 0d 48 8b c3
0x0000000062548243:   48 8b 5c 24 20 48 83 c4 28 c3 33 c0 48 8b 5c 24 


Register to memory mapping:

RAX=0x0000000056d8f401 is pointing into the stack for thread: 0x0000000054c0c800
RBX=0xb63e00b62a29018e is an unknown value
RCX=0x0000000057ad2850 is an unknown value
RDX=0x0000000000000000 is an unknown value
RSP=0x0000000056d8f480 is pointing into the stack for thread: 0x0000000054c0c800
RBP=0x0000000057ad2850 is an unknown value
RSI=0x0000000056d8f598 is pointing into the stack for thread: 0x0000000054c0c800
RDI=0x0000000001eaa480 is an unknown value
R8 =0x0000000054c0c800 is a thread
R9 =0x000000000000ff00 is an unknown value
R10=0x6a4c3c7465532f6c is an unknown value
R11=0x000607d5007f0019 is an unknown value
R12=0x0000000000000000 is an unknown value
R13=0x000000005603cd08 is an unknown value
R14=0x0000000000000000 is an unknown value
R15=0x0000000000000000 is an unknown value


Stack: [0x0000000056c90000,0x0000000056d90000],  sp=0x0000000056d8f480,  free space=1021k
Native frames: (J=compiled Java code, j=interpreted, Vv=VM code, C=native code)
V  [jvm.dll+0x128233]
V  [jvm.dll+0x348f3d]
C  [jdwp.dll+0x21a15]
C  [jdwp.dll+0x53b3]
C  [jdwp.dll+0x5571]
C  [jdwp.dll+0xf0a8]
C  [jdwp.dll+0x1f2d5]
C  [jdwp.dll+0x1f4aa]
V  [jvm.dll+0x1bad48]
V  [jvm.dll+0x241914]
V  [jvm.dll+0x29848a]
C  [msvcr100.dll+0x21d9f]
C  [msvcr100.dll+0x21e3b]
C  [kernel32.dll+0x159cd]
C  [ntdll.dll+0x2b981]


---------------  P R O C E S S  ---------------

Java Threads: ( => current thread )
  0x00000000577b7000 JavaThread "MVStore background writer nio:C:/Users/Alucard/test2.mv.db" daemon [_thread_blocked, id=3284, stack(0x0000000057f00000,0x0000000058000000)]
  0x0000000056257800 JavaThread "ReaderThread" [_thread_in_native, id=5332, stack(0x0000000056780000,0x0000000056880000)]
  0x00000000560bf800 JavaThread "Service Thread" daemon [_thread_blocked, id=5020, stack(0x0000000056f30000,0x0000000057030000)]
  0x00000000560a3800 JavaThread "C1 CompilerThread2" daemon [_thread_blocked, id=4528, stack(0x0000000057520000,0x0000000057620000)]
  0x0000000056050000 JavaThread "C2 CompilerThread1" daemon [_thread_blocked, id=5456, stack(0x0000000057340000,0x0000000057440000)]
  0x000000005604e000 JavaThread "C2 CompilerThread0" daemon [_thread_blocked, id=1140, stack(0x0000000057200000,0x0000000057300000)]
  0x0000000056043000 JavaThread "JDWP Command Reader" daemon [_thread_in_native, id=624, stack(0x0000000057080000,0x0000000057180000)]
  0x0000000054c0e800 JavaThread "JDWP Event Helper Thread" daemon [_thread_blocked, id=5148, stack(0x0000000056e10000,0x0000000056f10000)]
=>0x0000000054c0c800 JavaThread "JDWP Transport Listener: dt_socket" daemon [_thread_in_vm, id=5884, stack(0x0000000056c90000,0x0000000056d90000)]
  0x0000000056033000 JavaThread "Attach Listener" daemon [_thread_blocked, id=4192, stack(0x0000000011bf0000,0x0000000011cf0000)]
  0x0000000056031800 JavaThread "Signal Dispatcher" daemon [_thread_blocked, id=2468, stack(0x00000000564e0000,0x00000000565e0000)]
  0x0000000054ba8800 JavaThread "Finalizer" daemon [_thread_blocked, id=2996, stack(0x0000000055f30000,0x0000000056030000)]
  0x0000000054ba1800 JavaThread "Reference Handler" daemon [_thread_blocked, id=4884, stack(0x0000000055e10000,0x0000000055f10000)]
  0x0000000001eae800 JavaThread "main" [_thread_blocked, id=5660, stack(0x0000000001fd0000,0x00000000020d0000)]

Other Threads:
  0x0000000054b9c000 VMThread [stack: 0x0000000055ca0000,0x0000000055da0000] [id=5920]
  0x00000000560e0800 WatcherThread [stack: 0x0000000056b90000,0x0000000056c90000] [id=4312]

VM state:not at safepoint (normal execution)

VM Mutex/Monitor currently owned by a thread: None

Heap:
 PSYoungGen      total 18944K, used 16384K [0x00000000eb180000, 0x00000000ec680000, 0x0000000100000000)
  eden space 16384K, 100% used [0x00000000eb180000,0x00000000ec180000,0x00000000ec180000)
  from space 2560K, 0% used [0x00000000ec400000,0x00000000ec400000,0x00000000ec680000)
  to   space 2560K, 0% used [0x00000000ec180000,0x00000000ec180000,0x00000000ec400000)
 ParOldGen       total 44032K, used 0K [0x00000000c1400000, 0x00000000c3f00000, 0x00000000eb180000)
  object space 44032K, 0% used [0x00000000c1400000,0x00000000c1400000,0x00000000c3f00000)
 Metaspace       used 8759K, capacity 8886K, committed 9216K, reserved 1056768K
  class space    used 904K, capacity 917K, committed 1024K, reserved 1048576K

Card table byte_map: [0x0000000011760000,0x0000000011960000] byte_map_base: 0x0000000011156000

Marking Bits: (ParMarkBitMap*) 0x0000000062c24040
 Begin Bits: [0x00000000120b0000, 0x0000000013060000)
 End Bits:   [0x0000000013060000, 0x0000000014010000)

Polling page: 0x0000000000100000

CodeCache: size=245760Kb used=2662Kb max_used=2676Kb free=243097Kb
 bounds [0x00000000023a0000, 0x0000000002650000, 0x00000000113a0000]
 total_blobs=870 nmethods=535 adapters=256
 compilation: enabled

Compilation events (10 events):
Event: 31.305 Thread 0x000000005604e000  531       4       java.util.concurrent.ConcurrentHashMap$ValueIterator::next (34 bytes)
Event: 31.316 Thread 0x000000005604e000 nmethod 531 0x00000000026362d0 code [0x0000000002636420, 0x0000000002636658]
Event: 116.911 Thread 0x0000000056050000  532       4       org.h2.mvstore.MVStore::hasUnsavedChanges (79 bytes)
Event: 116.930 Thread 0x0000000056050000 nmethod 532 0x0000000002638910 code [0x0000000002638aa0, 0x00000000026392f8]
Event: 156.530 Thread 0x000000005604e000  533       4       java.util.concurrent.ConcurrentHashMap$ValuesView::iterator (34 bytes)
Event: 156.545 Thread 0x000000005604e000 nmethod 533 0x0000000002635910 code [0x0000000002635a60, 0x0000000002635e78]
Event: 272.694 Thread 0x000000005604e000  534   !   4       org.h2.mvstore.MVStore::writeInBackground (177 bytes)
Event: 272.706 Thread 0x000000005604e000 nmethod 534 0x000000000263abd0 code [0x000000000263ad60, 0x000000000263b718]
Event: 273.160 Thread 0x0000000056050000  535       4       org.h2.mvstore.MVStore::compactGetOldChunks (437 bytes)
Event: 273.213 Thread 0x0000000056050000 nmethod 535 0x000000000263c110 code [0x000000000263c2a0, 0x000000000263ce78]

GC Heap History (0 events):
No events

Deoptimization events (2 events):
Event: 0.521 Thread 0x0000000001eae800 Uncommon trap: reason=unstable_if action=reinterpret pc=0x0000000002514060 method=java.lang.String.indexOf([CII[CIII)I @ 123
Event: 0.521 Thread 0x0000000001eae800 Uncommon trap: reason=unstable_if action=reinterpret pc=0x0000000002500e70 method=java.lang.String.indexOf([CII[CIII)I @ 123

Internal exceptions (6 events):
Event: 0.105 Thread 0x0000000001eae800 Exception <a 'java/lang/NoSuchMethodError': Method sun.misc.Unsafe.defineClass(Ljava/lang/String;[BII)Ljava/lang/Class; name or signature does not match> (0x00000000eb18e698) thrown at [D:\re\workspace\8-2-build-windows-amd64-cygwin\jdk8u40\3098\hotspot\srõd†œ/îº?
Event: 0.105 Thread 0x0000000001eae800 Exception <a 'java/lang/NoSuchMethodError': Method sun.misc.Unsafe.prefetchRead(Ljava/lang/Object;J)V name or signature does not match> (0x00000000eb18e928) thrown at [D:\re\workspace\8-2-build-windows-amd64-cygwin\jdk8u40\3098\hotspot\src\share\vm\prims\jyÝÈxËà?
Event: 0.525 Thread 0x0000000001eae800 Exception <a 'java/security/PrivilegedActionException'> (0x00000000eb64cf90) thrown at [D:\re\workspace\8-2-build-windows-amd64-cygwin\jdk8u40\3098\hotspot\src\share\vm\prims\jvm.cpp, line 1382]
Event: 0.525 Thread 0x0000000001eae800 Exception <a 'java/security/PrivilegedActionException'> (0x00000000eb64d2d8) thrown at [D:\re\workspace\8-2-build-windows-amd64-cygwin\jdk8u40\3098\hotspot\src\share\vm\prims\jvm.cpp, line 1382]
Event: 0.526 Thread 0x0000000001eae800 Exception <a 'java/security/PrivilegedActionException'> (0x00000000eb651390) thrown at [D:\re\workspace\8-2-build-windows-amd64-cygwin\jdk8u40\3098\hotspot\src\share\vm\prims\jvm.cpp, line 1382]
Event: 0.526 Thread 0x0000000001eae800 Exception <a 'java/security/PrivilegedActionException'> (0x00000000eb6516d8) thrown at [D:\re\workspace\8-2-build-windows-amd64-cygwin\jdk8u40\3098\hotspot\src\share\vm\prims\jvm.cpp, line 1382]

Events (10 events):
Event: 238.012 Executing VM operation: GetOrSetLocal
Event: 238.012 Executing VM operation: GetOrSetLocal done
Event: 238.012 Executing VM operation: GetOrSetLocal
Event: 238.012 Executing VM operation: GetOrSetLocal done
Event: 238.013 Executing VM operation: GetOrSetLocal
Event: 238.013 Executing VM operation: GetOrSetLocal done
Event: 238.013 Executing VM operation: GetOrSetLocal
Event: 238.013 Executing VM operation: GetOrSetLocal done
Event: 343.489 Executing VM operation: RedefineClasses
Event: 343.493 Executing VM operation: RedefineClasses done


Dynamic libraries:
0x000000013f0c0000 - 0x000000013f0f7000 	C:\Program Files\Java\jdk1.8.0_40\bin\javaw.exe
0x0000000077010000 - 0x00000000771b9000 	C:\Windows\SYSTEM32\ntdll.dll
0x0000000076df0000 - 0x0000000076f0f000 	C:\Windows\system32\kernel32.dll
0x000007fefcf60000 - 0x000007fefcfcc000 	C:\Windows\system32\KERNELBASE.dll
0x000007fefd9d0000 - 0x000007fefdaab000 	C:\Windows\system32\ADVAPI32.dll
0x000007fefeaf0000 - 0x000007fefeb8f000 	C:\Windows\system32\msvcrt.dll
0x000007fefead0000 - 0x000007fefeaef000 	C:\Windows\SYSTEM32\sechost.dll
0x000007fefd2d0000 - 0x000007fefd3fd000 	C:\Windows\system32\RPCRT4.dll
0x0000000076f10000 - 0x000000007700a000 	C:\Windows\system32\USER32.dll
0x000007fefd400000 - 0x000007fefd467000 	C:\Windows\system32\GDI32.dll
0x000007feff0a0000 - 0x000007feff0ae000 	C:\Windows\system32\LPK.dll
0x000007fefea00000 - 0x000007fefeac9000 	C:\Windows\system32\USP10.dll
0x000007fefb0a0000 - 0x000007fefb294000 	C:\Windows\WinSxS\amd64_microsoft.windows.common-controls_6595b64144ccf1df_6.0.7601.18807_none_fa381d5f175bfb52\COMCTL32.dll
0x000007fefd7c0000 - 0x000007fefd831000 	C:\Windows\system32\SHLWAPI.dll
0x000007fefee60000 - 0x000007fefee8e000 	C:\Windows\system32\IMM32.DLL
0x000007fefe8a0000 - 0x000007fefe9a9000 	C:\Windows\system32\MSCTF.dll
0x0000000062cb0000 - 0x0000000062d82000 	C:\Program Files\Java\jdk1.8.0_40\jre\bin\msvcr100.dll
0x0000000062420000 - 0x0000000062ca3000 	C:\Program Files\Java\jdk1.8.0_40\jre\bin\server\jvm.dll
0x000007fef7a20000 - 0x000007fef7a29000 	C:\Windows\system32\WSOCK32.dll
0x000007fefe9b0000 - 0x000007fefe9fd000 	C:\Windows\system32\WS2_32.dll
0x000007fefee50000 - 0x000007fefee58000 	C:\Windows\system32\NSI.dll
0x000007fefab50000 - 0x000007fefab8b000 	C:\Windows\system32\WINMM.dll
0x000007fefbec0000 - 0x000007fefbecc000 	C:\Windows\system32\VERSION.dll
0x00000000771d0000 - 0x00000000771d7000 	C:\Windows\system32\PSAPI.DLL
0x000000006e160000 - 0x000000006e16f000 	C:\Program Files\Java\jdk1.8.0_40\jre\bin\verify.dll
0x00000000623f0000 - 0x0000000062419000 	C:\Program Files\Java\jdk1.8.0_40\jre\bin\java.dll
0x00000000623b0000 - 0x00000000623e5000 	C:\Program Files\Java\jdk1.8.0_40\jre\bin\jdwp.dll
0x00000000657c0000 - 0x00000000657c8000 	C:\Program Files\Java\jdk1.8.0_40\jre\bin\npt.dll
0x0000000062390000 - 0x00000000623a6000 	C:\Program Files\Java\jdk1.8.0_40\jre\bin\zip.dll
0x000007fefdab0000 - 0x000007fefe839000 	C:\Windows\system32\SHELL32.dll
0x000007fefee90000 - 0x000007feff093000 	C:\Windows\system32\ole32.dll
0x000007fefcde0000 - 0x000007fefcdef000 	C:\Windows\system32\profapi.dll
0x0000000064e80000 - 0x0000000064e89000 	C:\Program Files\Java\jdk1.8.0_40\jre\bin\dt_socket.dll
0x000007fefb360000 - 0x000007fefb375000 	C:\Windows\system32\NLAapi.dll
0x000007fef89b0000 - 0x000007fef89c5000 	C:\Windows\system32\napinsp.dll
0x000007fef8990000 - 0x000007fef89a9000 	C:\Windows\system32\pnrpnsp.dll
0x000007fefc570000 - 0x000007fefc5c5000 	C:\Windows\System32\mswsock.dll
0x000007fefc3f0000 - 0x000007fefc44b000 	C:\Windows\system32\DNSAPI.dll
0x000007fef8980000 - 0x000007fef898b000 	C:\Windows\System32\winrnr.dll
0x000007fef8970000 - 0x000007fef8980000 	C:\Windows\system32\wshbth.dll
0x000007fefa9a0000 - 0x000007fefa9c7000 	C:\Windows\system32\IPHLPAPI.DLL
0x000007fefa920000 - 0x000007fefa92b000 	C:\Windows\system32\WINNSI.DLL
0x000007fefa8b0000 - 0x000007fefa903000 	C:\Windows\System32\fwpuclnt.dll
0x000007fef81c0000 - 0x000007fef81c8000 	C:\Windows\system32\rasadhlp.dll
0x000007fefbf90000 - 0x000007fefbf97000 	C:\Windows\System32\wshtcpip.dll
0x0000000062370000 - 0x000000006238a000 	C:\Program Files\Java\jdk1.8.0_40\jre\bin\net.dll
0x000007fefc560000 - 0x000007fefc567000 	C:\Windows\System32\wship6.dll
0x0000000062350000 - 0x0000000062361000 	C:\Program Files\Java\jdk1.8.0_40\jre\bin\nio.dll
0x000007fef8e40000 - 0x000007fef8f65000 	C:\Windows\system32\dbghelp.dll

VM Arguments:
jvm_args: -agentlib:jdwp=transport=dt_socket,suspend=y,address=localhost:52926 -Dfile.encoding=Cp1252 
java_command: org.eclipse.jdt.internal.junit.runner.RemoteTestRunner -version 3 -port 52925 -testLoaderClass org.eclipse.jdt.internal.junit4.runner.JUnit4TestLoader -loaderpluginname org.eclipse.jdt.junit4.runtime -classNames H2DatabaseTests
java_class_path (initial): C:\Users\Aucard\workspace\makeTests\target\test-classes;C:\Users\Aucard\workspace\makeTests\target\classes;C:\Users\Alucard\.m2\repository\joda-time\joda-time\2.7\joda-time-2.7.jar;C:\Users\Alucard\.m2\repository\junit\junit\4.12\junit-4.12.jar;C:\Users\Alucard\.m2\repository\org\hamcrest\hamcrest-core\1.3\hamcrest-core-1.3.jar;C:\Users\Alucard\.m2\repository\com\h2database\h2\1.4.187\h2-1.4.187.jar;C:\Users\Alucard\.m2\repository\org\hibernate\hibernate-entitymanager\4.3.8.Final\hibernate-entitymanager-4.3.8.Final.jar;C:\Users\Alucard\.m2\repository\org\jboss\logging\jboss-logging\3.1.3.GA\jboss-logging-3.1.3.GA.jar;C:\Users\Alucard\.m2\repository\org\jboss\logging\jboss-logging-annotations\1.2.0.Beta1\jboss-logging-annotations-1.2.0.Beta1.jar;C:\Users\Alucard\.m2\repository\org\hibernate\hibernate-core\4.3.8.Final\hibernate-core-4.3.8.Final.jar;C:\Users\Alucard\.m2\repository\antlr\antlr\2.7.7\antlr-2.7.7.jar;C:\Users\Alucard\.m2\repository\org\jboss\jandex\1.1.0.Final\jandex-1.1.0.Final.jar;C:\Users\Alucard\.m2\repository\dom4j\dom4j\1.6.1\dom4j-1.6.1.jar;C:\Users\Alucard\.m2\repository\xml-apis\xml-apis\1.0.b2\xml-apis-1.0.b2.jar;C:\Users\Alucard\.m2\repository\org\hibernate\common\hibernate-commons-annotations\4.0.5.Final\hibernate-commons-annotations-4.0.5.Final.jar;C:\Users\Alucard\.m2\repository\org\hibernate\javax\persistence\hibernate-jpa-2.1-api\1.0.0.Final\hibernate-jpa-2.1-api-1.0.0.Final.jar;C:\Users\Alucard\.m2\repository\org\jboss\spec\javax\transaction\jboss-transaction-api_1.2_spec\1.0.0.Final\jboss-transaction-api_1.2_spec-1.0.0.Final.jar;C:\Users\Alucard\.m2\repository\org\javassist\javassist\3.18.1-GA\javassist-3.18.1-GA.jar;C:\Users\Alucard\.m2\repository\org\dbunit\dbunit\2.4.3\dbunit-2.4.3.jar;C:\Users\Alucard\.m2\repository\org\slf4j\slf4j-api\1.5.6\slf4j-api-1.5.6.jar;C:\Users\Alucard\.m2\repository\commons-collections\commons-collections\3.2.1\commons-collections-3.2.1.jar;/C:/eclipse/configuration/org.eclipse.
Launcher Type: SUN_STANDARD

Environment Variables:
PATH=C:/Program Files/Java/jre1.8.0_40/bin/server;C:/Program Files/Java/jre1.8.0_40/bin;C:/Program Files/Java/jre1.8.0_40/lib/amd64;C:\ProgramData\Oracle\Java\javapath;C:\Windows\system32;C:\Windows;C:\Windows\System32\Wbem;C:\Windows\System32\WindowsPowerShell\v1.0\;C:\Program Files (x86)\Git\cmd;C:\Program Files (x86)\Git\bin;C:\Program Files (x86)\MySQL\MySQL Utilities 1.3.4\;C:\apache-maven-3.1.1\bin;C:\Python27\;C:\Python27\Scripts\;C:\Program Files (x86)\Google\google_appengine;C:\Program Files (x86)\CodeBlocks\MinGW\bin;C:\adt-bundle-windows-x86_64-20140702\sdk\platform-tools;C:\Program Files\TortoiseGit\bin;C:\Program Files\Java\jdk1.8.0_40\jre\bin;C:\Program Files\Java\jdk1.8.0_40\bin;C:\Program Files (x86)\Skype\Phone\;C:\eclipse;
USERNAME=Alucard
OS=Windows_NT
PROCESSOR_IDENTIFIER=Intel64 Family 6 Model 42 Stepping 7, GenuineIntel



---------------  S Y S T E M  ---------------

OS: Windows 7 , 64 bit Build 7601 (6.1.7601.18839)

CPU:total 4 (2 cores per cpu, 2 threads per core) family 6 model 42 stepping 7, cmov, cx8, fxsr, mmx, sse, sse2, sse3, ssse3, sse4.1, sse4.2, popcnt, avx, clmul, ht, tsc, tscinvbit

Memory: 4k page, physical 4105776k(849428k free), swap 8209716k(2902896k free)

vm_info: Java HotSpot(TM) 64-Bit Server VM (25.40-b25) for windows-amd64 JRE (1.8.0_40-b26), built on Mar  7 2015 13:51:59 by "java_re" with MS VC++ 10.0 (VS2010)

time: Thu May 14 00:29:15 2015
elapsed time: 343 seconds (0d 0h 5m 43s)

